  Map.cpp
D:\VS projects\Programming labs\SEM-3\Tanks(backup)\Tanks\Map.cpp(45,47): warning C4244: аргумент: преобразование "int" в "float", возможна потеря данных
D:\VS projects\Programming labs\SEM-3\Tanks(backup)\Tanks\Map.cpp(45,44): warning C4244: аргумент: преобразование "int" в "float", возможна потеря данных
  Player_Tank.cpp
D:\VS projects\Programming labs\SEM-3\Tanks(backup)\Tanks\Player_Tank.cpp(4,82): warning C4244: аргумент: преобразование "float" в "int", возможна потеря данных
D:\VS projects\Programming labs\SEM-3\Tanks(backup)\Tanks\Player_Tank.cpp(30,12): warning C4305: аргумент: усечение из "double" в "float"
  Position.cpp
  Tank.cpp
D:\VS projects\Programming labs\SEM-3\Tanks(backup)\Tanks\Tank.cpp(5,99): warning C4244: инициализация: преобразование "int" в "float", возможна потеря данных
D:\VS projects\Programming labs\SEM-3\Tanks(backup)\Tanks\Tank.cpp(24,59): warning C4244: аргумент: преобразование "float" в "int", возможна потеря данных
D:\VS projects\Programming labs\SEM-3\Tanks(backup)\Tanks\Tank.cpp(24,42): warning C4244: аргумент: преобразование "float" в "int", возможна потеря данных
D:\VS projects\Programming labs\SEM-3\Tanks(backup)\Tanks\Tank.cpp(62,44): warning C4244: аргумент: преобразование "int" в "float", возможна потеря данных
D:\VS projects\Programming labs\SEM-3\Tanks(backup)\Tanks\Tank.cpp(62,34): warning C4244: аргумент: преобразование "int" в "float", возможна потеря данных
  Tanks.cpp
D:\VS projects\Programming labs\SEM-3\Tanks(backup)\Tanks\Tanks.cpp(25,14): warning C4244: инициализация: преобразование "sf::Int64" в "float", возможна потеря данных
  Wall.cpp
D:\VS projects\Programming labs\SEM-3\Tanks(backup)\Tanks\Wall.cpp(10,60): warning C4244: аргумент: преобразование "int" в "float", возможна потеря данных
D:\VS projects\Programming labs\SEM-3\Tanks(backup)\Tanks\Wall.cpp(10,81): warning C4244: аргумент: преобразование "int" в "float", возможна потеря данных
  Создание кода
  419 of 427 functions (98.1%) were compiled, the rest were copied from previous compilation.
    0 functions were new in current compilation
    2 functions had inline decision re-evaluated but remain unchanged
  Создание кода завершено
  Tanks.vcxproj -> D:\VS projects\Programming labs\SEM-3\Tanks(backup)\x64\Release\Tanks.exe
  "pwsh.exe" не является внутренней или внешней
  командой, исполняемой программой или пакетным файлом.
