  Tanks.cpp
C:\Users\kazan\source\repos\Tanks\Tanks\Tanks.cpp(36,19): warning C4244: инициализация: преобразование "float" в "int", возможна потеря данных
C:\Users\kazan\source\repos\Tanks\Tanks\Tanks.cpp(37,19): warning C4244: инициализация: преобразование "float" в "int", возможна потеря данных
C:\Users\kazan\source\repos\Tanks\Tanks\Tanks.cpp(38,23): warning C4244: инициализация: преобразование "float" в "int", возможна потеря данных
C:\Users\kazan\source\repos\Tanks\Tanks\Tanks.cpp(39,23): warning C4244: инициализация: преобразование "float" в "int", возможна потеря данных
C:\Users\kazan\source\repos\Tanks\Tanks\Tanks.cpp(50,36): warning C4244: аргумент: преобразование "int" в "T", возможна потеря данных
C:\Users\kazan\source\repos\Tanks\Tanks\Tanks.cpp(50,36): warning C4244:         with
C:\Users\kazan\source\repos\Tanks\Tanks\Tanks.cpp(50,36): warning C4244:         [
C:\Users\kazan\source\repos\Tanks\Tanks\Tanks.cpp(50,36): warning C4244:             T=float
C:\Users\kazan\source\repos\Tanks\Tanks\Tanks.cpp(50,36): warning C4244:         ]
C:\Users\kazan\source\repos\Tanks\Tanks\Tanks.cpp(50,22): warning C4244: аргумент: преобразование "int" в "T", возможна потеря данных
C:\Users\kazan\source\repos\Tanks\Tanks\Tanks.cpp(50,22): warning C4244:         with
C:\Users\kazan\source\repos\Tanks\Tanks\Tanks.cpp(50,22): warning C4244:         [
C:\Users\kazan\source\repos\Tanks\Tanks\Tanks.cpp(50,22): warning C4244:             T=float
C:\Users\kazan\source\repos\Tanks\Tanks\Tanks.cpp(50,22): warning C4244:         ]
C:\Users\kazan\source\repos\Tanks\Tanks\Tanks.cpp(79,21): warning C4244: инициализация: преобразование "float" в "int", возможна потеря данных
C:\Users\kazan\source\repos\Tanks\Tanks\Tanks.cpp(80,21): warning C4244: инициализация: преобразование "float" в "int", возможна потеря данных
C:\Users\kazan\source\repos\Tanks\Tanks\Tanks.cpp(81,25): warning C4244: инициализация: преобразование "float" в "int", возможна потеря данных
C:\Users\kazan\source\repos\Tanks\Tanks\Tanks.cpp(82,25): warning C4244: инициализация: преобразование "float" в "int", возможна потеря данных
C:\Users\kazan\source\repos\Tanks\Tanks\Tanks.cpp(93,36): warning C4244: аргумент: преобразование "int" в "T", возможна потеря данных
C:\Users\kazan\source\repos\Tanks\Tanks\Tanks.cpp(93,36): warning C4244:         with
C:\Users\kazan\source\repos\Tanks\Tanks\Tanks.cpp(93,36): warning C4244:         [
C:\Users\kazan\source\repos\Tanks\Tanks\Tanks.cpp(93,36): warning C4244:             T=float
C:\Users\kazan\source\repos\Tanks\Tanks\Tanks.cpp(93,36): warning C4244:         ]
C:\Users\kazan\source\repos\Tanks\Tanks\Tanks.cpp(93,22): warning C4244: аргумент: преобразование "int" в "T", возможна потеря данных
C:\Users\kazan\source\repos\Tanks\Tanks\Tanks.cpp(93,22): warning C4244:         with
C:\Users\kazan\source\repos\Tanks\Tanks\Tanks.cpp(93,22): warning C4244:         [
C:\Users\kazan\source\repos\Tanks\Tanks\Tanks.cpp(93,22): warning C4244:             T=float
C:\Users\kazan\source\repos\Tanks\Tanks\Tanks.cpp(93,22): warning C4244:         ]
C:\Users\kazan\source\repos\Tanks\Tanks\Tanks.cpp(133,21): warning C4244: инициализация: преобразование "float" в "int", возможна потеря данных
C:\Users\kazan\source\repos\Tanks\Tanks\Tanks.cpp(134,21): warning C4244: инициализация: преобразование "float" в "int", возможна потеря данных
C:\Users\kazan\source\repos\Tanks\Tanks\Tanks.cpp(135,25): warning C4244: инициализация: преобразование "float" в "int", возможна потеря данных
C:\Users\kazan\source\repos\Tanks\Tanks\Tanks.cpp(136,25): warning C4244: инициализация: преобразование "float" в "int", возможна потеря данных
C:\Users\kazan\source\repos\Tanks\Tanks\Tanks.cpp(142,20): warning C4244: инициализация: преобразование "float" в "int", возможна потеря данных
C:\Users\kazan\source\repos\Tanks\Tanks\Tanks.cpp(143,20): warning C4244: инициализация: преобразование "float" в "int", возможна потеря данных
C:\Users\kazan\source\repos\Tanks\Tanks\Tanks.cpp(144,24): warning C4244: инициализация: преобразование "float" в "int", возможна потеря данных
C:\Users\kazan\source\repos\Tanks\Tanks\Tanks.cpp(145,24): warning C4244: инициализация: преобразование "float" в "int", возможна потеря данных
C:\Users\kazan\source\repos\Tanks\Tanks\Tanks.cpp(198,55): warning C4305: аргумент: усечение из "double" в "float"
C:\Users\kazan\source\repos\Tanks\Tanks\Tanks.cpp(213,14): warning C4244: инициализация: преобразование "sf::Int64" в "float", возможна потеря данных
sfml-window-s-d.lib(JoystickImpl.obj) : warning LNK4099: "" PDB не найден с "sfml-window-s-d.lib(JoystickImpl.obj)" или на ""; компоновка объекта выполняется как при отсутствии отладочных данных
sfml-window-s-d.lib(VulkanImplWin32.obj) : warning LNK4099: "" PDB не найден с "sfml-window-s-d.lib(VulkanImplWin32.obj)" или на ""; компоновка объекта выполняется как при отсутствии отладочных данных
  Tanks.vcxproj -> C:\Users\kazan\source\repos\Tanks\x64\Debug\Tanks.exe
